  [1m[35m (13.2ms)[0m  [1m[35mCREATE DATABASE "react-lab-072619-backend_development" ENCODING = 'unicode'[0m
  ↳ bin/rails:9
  [1m[35m (0.4ms)[0m  [1m[35mCREATE DATABASE "react-lab-072619-backend_test" ENCODING = 'unicode'[0m
  ↳ bin/rails:9
  [1m[35m (10.3ms)[0m  [1m[34mSELECT "schema_migrations"."version" FROM "schema_migrations" ORDER BY "schema_migrations"."version" ASC[0m
  ↳ bin/rails:9
  [1m[35m (9.9ms)[0m  [1m[34mSELECT "ar_internal_metadata"."value" FROM "ar_internal_metadata" WHERE "ar_internal_metadata"."key" = $1[0m  [["key", "environment"]]
  ↳ bin/rails:9
  [1m[35m (0.5ms)[0m  [1m[34mSELECT "schema_migrations"."version" FROM "schema_migrations" ORDER BY "schema_migrations"."version" ASC[0m
  ↳ bin/rails:9
  [1m[35m (0.5ms)[0m  [1m[34mSELECT "ar_internal_metadata"."value" FROM "ar_internal_metadata" WHERE "ar_internal_metadata"."key" = $1[0m  [["key", "environment"]]
  ↳ bin/rails:9
  [1m[35m (0.4ms)[0m  [1m[34mSELECT "schema_migrations"."version" FROM "schema_migrations" ORDER BY "schema_migrations"."version" ASC[0m
  ↳ bin/rails:9
  [1m[35m (0.3ms)[0m  [1m[34mSELECT "ar_internal_metadata"."value" FROM "ar_internal_metadata" WHERE "ar_internal_metadata"."key" = $1[0m  [["key", "environment"]]
  ↳ bin/rails:9
  [1m[35m (267.6ms)[0m  [1m[35mDROP DATABASE IF EXISTS "react-lab-072619-backend_development"[0m
  ↳ bin/rails:9
  [1m[35m (261.4ms)[0m  [1m[35mDROP DATABASE IF EXISTS "react-lab-072619-backend_test"[0m
  ↳ bin/rails:9
  [1m[35m (788.5ms)[0m  [1m[35mCREATE DATABASE "react-lab-072619-backend_development" ENCODING = 'unicode'[0m
  ↳ bin/rails:9
  [1m[35m (348.7ms)[0m  [1m[35mCREATE DATABASE "react-lab-072619-backend_test" ENCODING = 'unicode'[0m
  ↳ bin/rails:9
  [1m[35m (25.3ms)[0m  [1m[35mCREATE TABLE "schema_migrations" ("version" character varying NOT NULL PRIMARY KEY)[0m
  ↳ bin/rails:9
  [1m[35m (5.2ms)[0m  [1m[35mCREATE TABLE "ar_internal_metadata" ("key" character varying NOT NULL PRIMARY KEY, "value" character varying, "created_at" timestamp NOT NULL, "updated_at" timestamp NOT NULL)[0m
  ↳ bin/rails:9
  [1m[35m (2.7ms)[0m  [1m[34mSELECT pg_try_advisory_lock(7027048647687472950)[0m
  ↳ bin/rails:9
  [1m[35m (0.7ms)[0m  [1m[34mSELECT "schema_migrations"."version" FROM "schema_migrations" ORDER BY "schema_migrations"."version" ASC[0m
  ↳ bin/rails:9
Migrating to CreateFoxes (20190726184211)
  [1m[35m (0.3ms)[0m  [1m[35mBEGIN[0m
  ↳ bin/rails:9
  [1m[35m (101.8ms)[0m  [1m[35mCREATE TABLE "foxes" ("id" bigserial primary key, "name" character varying, "img_url" character varying, "created_at" timestamp NOT NULL, "updated_at" timestamp NOT NULL)[0m
  ↳ db/migrate/20190726184211_create_foxes.rb:3
  [1m[36mActiveRecord::SchemaMigration Create (1.3ms)[0m  [1m[32mINSERT INTO "schema_migrations" ("version") VALUES ($1) RETURNING "version"[0m  [["version", "20190726184211"]]
  ↳ bin/rails:9
  [1m[35m (2.5ms)[0m  [1m[35mCOMMIT[0m
  ↳ bin/rails:9
  [1m[36mActiveRecord::InternalMetadata Load (0.4ms)[0m  [1m[34mSELECT  "ar_internal_metadata".* FROM "ar_internal_metadata" WHERE "ar_internal_metadata"."key" = $1 LIMIT $2[0m  [["key", "environment"], ["LIMIT", 1]]
  ↳ bin/rails:9
  [1m[35m (0.2ms)[0m  [1m[35mBEGIN[0m
  ↳ bin/rails:9
  [1m[36mActiveRecord::InternalMetadata Create (2.6ms)[0m  [1m[32mINSERT INTO "ar_internal_metadata" ("key", "value", "created_at", "updated_at") VALUES ($1, $2, $3, $4) RETURNING "key"[0m  [["key", "environment"], ["value", "development"], ["created_at", "2019-10-29 22:29:51.373052"], ["updated_at", "2019-10-29 22:29:51.373052"]]
  ↳ bin/rails:9
  [1m[35m (2.6ms)[0m  [1m[35mCOMMIT[0m
  ↳ bin/rails:9
  [1m[35m (0.4ms)[0m  [1m[34mSELECT pg_advisory_unlock(7027048647687472950)[0m
  ↳ bin/rails:9
  [1m[35m (0.4ms)[0m  [1m[34mSELECT "schema_migrations"."version" FROM "schema_migrations" ORDER BY "schema_migrations"."version" ASC[0m
  ↳ bin/rails:9
  [1m[35m (1.9ms)[0m  [1m[34mSELECT "schema_migrations"."version" FROM "schema_migrations" ORDER BY "schema_migrations"."version" ASC[0m
  ↳ bin/rails:9
  [1m[35m (0.2ms)[0m  [1m[35mBEGIN[0m
  ↳ db/seeds.rb:27
  [1m[36mFox Create (1.1ms)[0m  [1m[32mINSERT INTO "foxes" ("name", "img_url", "created_at", "updated_at") VALUES ($1, $2, $3, $4) RETURNING "id"[0m  [["name", "Snowy"], ["img_url", "https://randomfox.ca/images/10.jpg"], ["created_at", "2019-10-29 22:29:59.272402"], ["updated_at", "2019-10-29 22:29:59.272402"]]
  ↳ db/seeds.rb:27
  [1m[35m (7.4ms)[0m  [1m[35mCOMMIT[0m
  ↳ db/seeds.rb:27
  [1m[35m (0.2ms)[0m  [1m[35mBEGIN[0m
  ↳ db/seeds.rb:27
  [1m[36mFox Create (0.4ms)[0m  [1m[32mINSERT INTO "foxes" ("name", "img_url", "created_at", "updated_at") VALUES ($1, $2, $3, $4) RETURNING "id"[0m  [["name", "Snowball"], ["img_url", "https://randomfox.ca/images/11.jpg"], ["created_at", "2019-10-29 22:29:59.284606"], ["updated_at", "2019-10-29 22:29:59.284606"]]
  ↳ db/seeds.rb:27
  [1m[35m (2.1ms)[0m  [1m[35mCOMMIT[0m
  ↳ db/seeds.rb:27
  [1m[35m (0.2ms)[0m  [1m[35mBEGIN[0m
  ↳ db/seeds.rb:27
  [1m[36mFox Create (0.4ms)[0m  [1m[32mINSERT INTO "foxes" ("name", "img_url", "created_at", "updated_at") VALUES ($1, $2, $3, $4) RETURNING "id"[0m  [["name", "Fluffy"], ["img_url", "https://randomfox.ca/images/12.jpg"], ["created_at", "2019-10-29 22:29:59.288703"], ["updated_at", "2019-10-29 22:29:59.288703"]]
  ↳ db/seeds.rb:27
  [1m[35m (2.0ms)[0m  [1m[35mCOMMIT[0m
  ↳ db/seeds.rb:27
  [1m[35m (0.2ms)[0m  [1m[35mBEGIN[0m
  ↳ db/seeds.rb:27
  [1m[36mFox Create (0.3ms)[0m  [1m[32mINSERT INTO "foxes" ("name", "img_url", "created_at", "updated_at") VALUES ($1, $2, $3, $4) RETURNING "id"[0m  [["name", "Fur Ball"], ["img_url", "https://randomfox.ca/images/13.jpg"], ["created_at", "2019-10-29 22:29:59.292653"], ["updated_at", "2019-10-29 22:29:59.292653"]]
  ↳ db/seeds.rb:27
  [1m[35m (2.1ms)[0m  [1m[35mCOMMIT[0m
  ↳ db/seeds.rb:27
  [1m[35m (0.2ms)[0m  [1m[35mBEGIN[0m
  ↳ db/seeds.rb:27
  [1m[36mFox Create (0.4ms)[0m  [1m[32mINSERT INTO "foxes" ("name", "img_url", "created_at", "updated_at") VALUES ($1, $2, $3, $4) RETURNING "id"[0m  [["name", "Puffy"], ["img_url", "https://randomfox.ca/images/14.jpg"], ["created_at", "2019-10-29 22:29:59.296583"], ["updated_at", "2019-10-29 22:29:59.296583"]]
  ↳ db/seeds.rb:27
  [1m[35m (2.4ms)[0m  [1m[35mCOMMIT[0m
  ↳ db/seeds.rb:27
  [1m[35m (0.2ms)[0m  [1m[35mBEGIN[0m
  ↳ db/seeds.rb:27
  [1m[36mFox Create (0.4ms)[0m  [1m[32mINSERT INTO "foxes" ("name", "img_url", "created_at", "updated_at") VALUES ($1, $2, $3, $4) RETURNING "id"[0m  [["name", "Bear"], ["img_url", "https://randomfox.ca/images/15.jpg"], ["created_at", "2019-10-29 22:29:59.300947"], ["updated_at", "2019-10-29 22:29:59.300947"]]
  ↳ db/seeds.rb:27
  [1m[35m (1.9ms)[0m  [1m[35mCOMMIT[0m
  ↳ db/seeds.rb:27
  [1m[35m (0.3ms)[0m  [1m[35mBEGIN[0m
  ↳ db/seeds.rb:27
  [1m[36mFox Create (0.3ms)[0m  [1m[32mINSERT INTO "foxes" ("name", "img_url", "created_at", "updated_at") VALUES ($1, $2, $3, $4) RETURNING "id"[0m  [["name", "Snow"], ["img_url", "https://randomfox.ca/images/16.jpg"], ["created_at", "2019-10-29 22:29:59.305040"], ["updated_at", "2019-10-29 22:29:59.305040"]]
  ↳ db/seeds.rb:27
  [1m[35m (2.1ms)[0m  [1m[35mCOMMIT[0m
  ↳ db/seeds.rb:27
  [1m[35m (0.2ms)[0m  [1m[35mBEGIN[0m
  ↳ db/seeds.rb:27
  [1m[36mFox Create (0.3ms)[0m  [1m[32mINSERT INTO "foxes" ("name", "img_url", "created_at", "updated_at") VALUES ($1, $2, $3, $4) RETURNING "id"[0m  [["name", "Curly"], ["img_url", "https://randomfox.ca/images/17.jpg"], ["created_at", "2019-10-29 22:29:59.309185"], ["updated_at", "2019-10-29 22:29:59.309185"]]
  ↳ db/seeds.rb:27
  [1m[35m (1.9ms)[0m  [1m[35mCOMMIT[0m
  ↳ db/seeds.rb:27
  [1m[35m (0.2ms)[0m  [1m[35mBEGIN[0m
  ↳ db/seeds.rb:27
  [1m[36mFox Create (0.3ms)[0m  [1m[32mINSERT INTO "foxes" ("name", "img_url", "created_at", "updated_at") VALUES ($1, $2, $3, $4) RETURNING "id"[0m  [["name", "Teddy"], ["img_url", "https://randomfox.ca/images/18.jpg"], ["created_at", "2019-10-29 22:29:59.313200"], ["updated_at", "2019-10-29 22:29:59.313200"]]
  ↳ db/seeds.rb:27
  [1m[35m (1.9ms)[0m  [1m[35mCOMMIT[0m
  ↳ db/seeds.rb:27
  [1m[35m (0.2ms)[0m  [1m[35mBEGIN[0m
  ↳ db/seeds.rb:27
  [1m[36mFox Create (0.4ms)[0m  [1m[32mINSERT INTO "foxes" ("name", "img_url", "created_at", "updated_at") VALUES ($1, $2, $3, $4) RETURNING "id"[0m  [["name", "Teddy Bear"], ["img_url", "https://randomfox.ca/images/19.jpg"], ["created_at", "2019-10-29 22:29:59.317163"], ["updated_at", "2019-10-29 22:29:59.317163"]]
  ↳ db/seeds.rb:27
  [1m[35m (2.0ms)[0m  [1m[35mCOMMIT[0m
  ↳ db/seeds.rb:27
  [1m[35m (0.2ms)[0m  [1m[35mBEGIN[0m
  ↳ db/seeds.rb:27
  [1m[36mFox Create (0.5ms)[0m  [1m[32mINSERT INTO "foxes" ("name", "img_url", "created_at", "updated_at") VALUES ($1, $2, $3, $4) RETURNING "id"[0m  [["name", "Silky"], ["img_url", "https://randomfox.ca/images/20.jpg"], ["created_at", "2019-10-29 22:29:59.321242"], ["updated_at", "2019-10-29 22:29:59.321242"]]
  ↳ db/seeds.rb:27
  [1m[35m (3.2ms)[0m  [1m[35mCOMMIT[0m
  ↳ db/seeds.rb:27
  [1m[35m (0.1ms)[0m  [1m[35mBEGIN[0m
  ↳ db/seeds.rb:27
  [1m[36mFox Create (0.4ms)[0m  [1m[32mINSERT INTO "foxes" ("name", "img_url", "created_at", "updated_at") VALUES ($1, $2, $3, $4) RETURNING "id"[0m  [["name", "Fleecy"], ["img_url", "https://randomfox.ca/images/21.jpg"], ["created_at", "2019-10-29 22:29:59.326549"], ["updated_at", "2019-10-29 22:29:59.326549"]]
  ↳ db/seeds.rb:27
  [1m[35m (2.0ms)[0m  [1m[35mCOMMIT[0m
  ↳ db/seeds.rb:27
  [1m[35m (0.2ms)[0m  [1m[35mBEGIN[0m
  ↳ db/seeds.rb:27
  [1m[36mFox Create (0.6ms)[0m  [1m[32mINSERT INTO "foxes" ("name", "img_url", "created_at", "updated_at") VALUES ($1, $2, $3, $4) RETURNING "id"[0m  [["name", "Shaggy"], ["img_url", "https://randomfox.ca/images/22.jpg"], ["created_at", "2019-10-29 22:29:59.330589"], ["updated_at", "2019-10-29 22:29:59.330589"]]
  ↳ db/seeds.rb:27
  [1m[35m (2.1ms)[0m  [1m[35mCOMMIT[0m
  ↳ db/seeds.rb:27
  [1m[35m (0.2ms)[0m  [1m[35mBEGIN[0m
  ↳ db/seeds.rb:27
  [1m[36mFox Create (0.4ms)[0m  [1m[32mINSERT INTO "foxes" ("name", "img_url", "created_at", "updated_at") VALUES ($1, $2, $3, $4) RETURNING "id"[0m  [["name", "Poof"], ["img_url", "https://randomfox.ca/images/23.jpg"], ["created_at", "2019-10-29 22:29:59.335316"], ["updated_at", "2019-10-29 22:29:59.335316"]]
  ↳ db/seeds.rb:27
  [1m[35m (2.3ms)[0m  [1m[35mCOMMIT[0m
  ↳ db/seeds.rb:27
  [1m[35m (0.2ms)[0m  [1m[35mBEGIN[0m
  ↳ db/seeds.rb:27
  [1m[36mFox Create (0.3ms)[0m  [1m[32mINSERT INTO "foxes" ("name", "img_url", "created_at", "updated_at") VALUES ($1, $2, $3, $4) RETURNING "id"[0m  [["name", "Poofy"], ["img_url", "https://randomfox.ca/images/24.jpg"], ["created_at", "2019-10-29 22:29:59.339729"], ["updated_at", "2019-10-29 22:29:59.339729"]]
  ↳ db/seeds.rb:27
  [1m[35m (1.9ms)[0m  [1m[35mCOMMIT[0m
  ↳ db/seeds.rb:27
  [1m[35m (0.2ms)[0m  [1m[35mBEGIN[0m
  ↳ db/seeds.rb:27
  [1m[36mFox Create (0.4ms)[0m  [1m[32mINSERT INTO "foxes" ("name", "img_url", "created_at", "updated_at") VALUES ($1, $2, $3, $4) RETURNING "id"[0m  [["name", "Cloud"], ["img_url", "https://randomfox.ca/images/25.jpg"], ["created_at", "2019-10-29 22:29:59.343850"], ["updated_at", "2019-10-29 22:29:59.343850"]]
  ↳ db/seeds.rb:27
  [1m[35m (4.7ms)[0m  [1m[35mCOMMIT[0m
  ↳ db/seeds.rb:27
  [1m[35m (0.2ms)[0m  [1m[35mBEGIN[0m
  ↳ db/seeds.rb:27
  [1m[36mFox Create (0.5ms)[0m  [1m[32mINSERT INTO "foxes" ("name", "img_url", "created_at", "updated_at") VALUES ($1, $2, $3, $4) RETURNING "id"[0m  [["name", "Cloudy"], ["img_url", "https://randomfox.ca/images/26.jpg"], ["created_at", "2019-10-29 22:29:59.350789"], ["updated_at", "2019-10-29 22:29:59.350789"]]
  ↳ db/seeds.rb:27
  [1m[35m (2.0ms)[0m  [1m[35mCOMMIT[0m
  ↳ db/seeds.rb:27
  [1m[35m (0.2ms)[0m  [1m[35mBEGIN[0m
  ↳ db/seeds.rb:27
  [1m[36mFox Create (0.4ms)[0m  [1m[32mINSERT INTO "foxes" ("name", "img_url", "created_at", "updated_at") VALUES ($1, $2, $3, $4) RETURNING "id"[0m  [["name", "Fuzz"], ["img_url", "https://randomfox.ca/images/27.jpg"], ["created_at", "2019-10-29 22:29:59.355170"], ["updated_at", "2019-10-29 22:29:59.355170"]]
  ↳ db/seeds.rb:27
  [1m[35m (2.0ms)[0m  [1m[35mCOMMIT[0m
  ↳ db/seeds.rb:27
Started GET "/" for ::1 at 2019-10-29 18:30:35 -0400
  [1m[35m (0.8ms)[0m  [1m[34mSELECT "schema_migrations"."version" FROM "schema_migrations" ORDER BY "schema_migrations"."version" ASC[0m
  ↳ /Users/flatironschool/.rvm/gems/ruby-2.6.1/gems/activerecord-5.2.3/lib/active_record/log_subscriber.rb:98
Processing by Rails::WelcomeController#index as HTML
  Rendering /Users/flatironschool/.rvm/gems/ruby-2.6.1/gems/railties-5.2.3/lib/rails/templates/rails/welcome/index.html.erb
  Rendered /Users/flatironschool/.rvm/gems/ruby-2.6.1/gems/railties-5.2.3/lib/rails/templates/rails/welcome/index.html.erb (6.3ms)
Completed 200 OK in 27ms (Views: 23.2ms | ActiveRecord: 0.0ms)


Started GET "/" for ::1 at 2019-10-29 18:35:18 -0400
Processing by Rails::WelcomeController#index as HTML
  Rendering /Users/flatironschool/.rvm/gems/ruby-2.6.1/gems/railties-5.2.3/lib/rails/templates/rails/welcome/index.html.erb
  Rendered /Users/flatironschool/.rvm/gems/ruby-2.6.1/gems/railties-5.2.3/lib/rails/templates/rails/welcome/index.html.erb (2.7ms)
Completed 200 OK in 14ms (Views: 4.4ms | ActiveRecord: 0.0ms)


Started GET "/foxes" for ::1 at 2019-10-29 18:35:28 -0400
Processing by FoxesController#index as HTML
  [1m[36mFox Load (26.6ms)[0m  [1m[34mSELECT "foxes".* FROM "foxes"[0m
  ↳ app/controllers/foxes_controller.rb:4
Completed 200 OK in 86ms (Views: 29.3ms | ActiveRecord: 48.9ms)


Started GET "/api/v1/notes" for ::1 at 2019-10-29 18:36:15 -0400
  
ActionController::RoutingError (No route matches [GET] "/api/v1/notes"):
  
actionpack (5.2.3) lib/action_dispatch/middleware/debug_exceptions.rb:65:in `call'
actionpack (5.2.3) lib/action_dispatch/middleware/show_exceptions.rb:33:in `call'
railties (5.2.3) lib/rails/rack/logger.rb:38:in `call_app'
railties (5.2.3) lib/rails/rack/logger.rb:26:in `block in call'
activesupport (5.2.3) lib/active_support/tagged_logging.rb:71:in `block in tagged'
activesupport (5.2.3) lib/active_support/tagged_logging.rb:28:in `tagged'
activesupport (5.2.3) lib/active_support/tagged_logging.rb:71:in `tagged'
railties (5.2.3) lib/rails/rack/logger.rb:26:in `call'
actionpack (5.2.3) lib/action_dispatch/middleware/remote_ip.rb:81:in `call'
actionpack (5.2.3) lib/action_dispatch/middleware/request_id.rb:27:in `call'
rack (2.0.7) lib/rack/runtime.rb:22:in `call'
activesupport (5.2.3) lib/active_support/cache/strategy/local_cache_middleware.rb:29:in `call'
actionpack (5.2.3) lib/action_dispatch/middleware/executor.rb:14:in `call'
actionpack (5.2.3) lib/action_dispatch/middleware/static.rb:127:in `call'
rack (2.0.7) lib/rack/sendfile.rb:111:in `call'
rack-cors (1.0.3) lib/rack/cors.rb:95:in `call'
railties (5.2.3) lib/rails/engine.rb:524:in `call'
puma (3.12.1) lib/puma/configuration.rb:227:in `call'
puma (3.12.1) lib/puma/server.rb:660:in `handle_request'
puma (3.12.1) lib/puma/server.rb:474:in `process_client'
puma (3.12.1) lib/puma/server.rb:334:in `block in run'
puma (3.12.1) lib/puma/thread_pool.rb:135:in `block in spawn_thread'
Started GET "/api/v1/notes" for ::1 at 2019-10-29 18:37:07 -0400
  
ActionController::RoutingError (No route matches [GET] "/api/v1/notes"):
  
actionpack (5.2.3) lib/action_dispatch/middleware/debug_exceptions.rb:65:in `call'
actionpack (5.2.3) lib/action_dispatch/middleware/show_exceptions.rb:33:in `call'
railties (5.2.3) lib/rails/rack/logger.rb:38:in `call_app'
railties (5.2.3) lib/rails/rack/logger.rb:26:in `block in call'
activesupport (5.2.3) lib/active_support/tagged_logging.rb:71:in `block in tagged'
activesupport (5.2.3) lib/active_support/tagged_logging.rb:28:in `tagged'
activesupport (5.2.3) lib/active_support/tagged_logging.rb:71:in `tagged'
railties (5.2.3) lib/rails/rack/logger.rb:26:in `call'
actionpack (5.2.3) lib/action_dispatch/middleware/remote_ip.rb:81:in `call'
actionpack (5.2.3) lib/action_dispatch/middleware/request_id.rb:27:in `call'
rack (2.0.7) lib/rack/runtime.rb:22:in `call'
activesupport (5.2.3) lib/active_support/cache/strategy/local_cache_middleware.rb:29:in `call'
actionpack (5.2.3) lib/action_dispatch/middleware/executor.rb:14:in `call'
actionpack (5.2.3) lib/action_dispatch/middleware/static.rb:127:in `call'
rack (2.0.7) lib/rack/sendfile.rb:111:in `call'
rack-cors (1.0.3) lib/rack/cors.rb:95:in `call'
railties (5.2.3) lib/rails/engine.rb:524:in `call'
puma (3.12.1) lib/puma/configuration.rb:227:in `call'
puma (3.12.1) lib/puma/server.rb:660:in `handle_request'
puma (3.12.1) lib/puma/server.rb:474:in `process_client'
puma (3.12.1) lib/puma/server.rb:334:in `block in run'
puma (3.12.1) lib/puma/thread_pool.rb:135:in `block in spawn_thread'
Started GET "/api/v1/notes" for ::1 at 2019-10-29 18:37:38 -0400
  
ActionController::RoutingError (No route matches [GET] "/api/v1/notes"):
  
actionpack (5.2.3) lib/action_dispatch/middleware/debug_exceptions.rb:65:in `call'
actionpack (5.2.3) lib/action_dispatch/middleware/show_exceptions.rb:33:in `call'
railties (5.2.3) lib/rails/rack/logger.rb:38:in `call_app'
railties (5.2.3) lib/rails/rack/logger.rb:26:in `block in call'
activesupport (5.2.3) lib/active_support/tagged_logging.rb:71:in `block in tagged'
activesupport (5.2.3) lib/active_support/tagged_logging.rb:28:in `tagged'
activesupport (5.2.3) lib/active_support/tagged_logging.rb:71:in `tagged'
railties (5.2.3) lib/rails/rack/logger.rb:26:in `call'
actionpack (5.2.3) lib/action_dispatch/middleware/remote_ip.rb:81:in `call'
actionpack (5.2.3) lib/action_dispatch/middleware/request_id.rb:27:in `call'
rack (2.0.7) lib/rack/runtime.rb:22:in `call'
activesupport (5.2.3) lib/active_support/cache/strategy/local_cache_middleware.rb:29:in `call'
actionpack (5.2.3) lib/action_dispatch/middleware/executor.rb:14:in `call'
actionpack (5.2.3) lib/action_dispatch/middleware/static.rb:127:in `call'
rack (2.0.7) lib/rack/sendfile.rb:111:in `call'
rack-cors (1.0.3) lib/rack/cors.rb:95:in `call'
railties (5.2.3) lib/rails/engine.rb:524:in `call'
puma (3.12.1) lib/puma/configuration.rb:227:in `call'
puma (3.12.1) lib/puma/server.rb:660:in `handle_request'
puma (3.12.1) lib/puma/server.rb:474:in `process_client'
puma (3.12.1) lib/puma/server.rb:334:in `block in run'
puma (3.12.1) lib/puma/thread_pool.rb:135:in `block in spawn_thread'
Started GET "/api/v1/notes" for ::1 at 2019-10-29 18:38:16 -0400
  
ActionController::RoutingError (No route matches [GET] "/api/v1/notes"):
  
actionpack (5.2.3) lib/action_dispatch/middleware/debug_exceptions.rb:65:in `call'
actionpack (5.2.3) lib/action_dispatch/middleware/show_exceptions.rb:33:in `call'
railties (5.2.3) lib/rails/rack/logger.rb:38:in `call_app'
railties (5.2.3) lib/rails/rack/logger.rb:26:in `block in call'
activesupport (5.2.3) lib/active_support/tagged_logging.rb:71:in `block in tagged'
activesupport (5.2.3) lib/active_support/tagged_logging.rb:28:in `tagged'
activesupport (5.2.3) lib/active_support/tagged_logging.rb:71:in `tagged'
railties (5.2.3) lib/rails/rack/logger.rb:26:in `call'
actionpack (5.2.3) lib/action_dispatch/middleware/remote_ip.rb:81:in `call'
actionpack (5.2.3) lib/action_dispatch/middleware/request_id.rb:27:in `call'
rack (2.0.7) lib/rack/runtime.rb:22:in `call'
activesupport (5.2.3) lib/active_support/cache/strategy/local_cache_middleware.rb:29:in `call'
actionpack (5.2.3) lib/action_dispatch/middleware/executor.rb:14:in `call'
actionpack (5.2.3) lib/action_dispatch/middleware/static.rb:127:in `call'
rack (2.0.7) lib/rack/sendfile.rb:111:in `call'
rack-cors (1.0.3) lib/rack/cors.rb:95:in `call'
railties (5.2.3) lib/rails/engine.rb:524:in `call'
puma (3.12.1) lib/puma/configuration.rb:227:in `call'
puma (3.12.1) lib/puma/server.rb:660:in `handle_request'
puma (3.12.1) lib/puma/server.rb:474:in `process_client'
puma (3.12.1) lib/puma/server.rb:334:in `block in run'
puma (3.12.1) lib/puma/thread_pool.rb:135:in `block in spawn_thread'
Started GET "/foxes" for ::1 at 2019-10-29 18:40:26 -0400
  [1m[35m (39.2ms)[0m  [1m[34mSELECT "schema_migrations"."version" FROM "schema_migrations" ORDER BY "schema_migrations"."version" ASC[0m
  ↳ /Users/flatironschool/.rvm/gems/ruby-2.6.1/gems/activerecord-5.2.3/lib/active_record/log_subscriber.rb:98
Processing by FoxesController#index as HTML
  [1m[36mFox Load (2.1ms)[0m  [1m[34mSELECT "foxes".* FROM "foxes"[0m
  ↳ app/controllers/foxes_controller.rb:4
Completed 200 OK in 38ms (Views: 14.9ms | ActiveRecord: 15.1ms)


Started GET "/favicon.ico" for ::1 at 2019-10-29 18:40:27 -0400
  
ActionController::RoutingError (No route matches [GET] "/favicon.ico"):
  
actionpack (5.2.3) lib/action_dispatch/middleware/debug_exceptions.rb:65:in `call'
actionpack (5.2.3) lib/action_dispatch/middleware/show_exceptions.rb:33:in `call'
railties (5.2.3) lib/rails/rack/logger.rb:38:in `call_app'
railties (5.2.3) lib/rails/rack/logger.rb:26:in `block in call'
activesupport (5.2.3) lib/active_support/tagged_logging.rb:71:in `block in tagged'
activesupport (5.2.3) lib/active_support/tagged_logging.rb:28:in `tagged'
activesupport (5.2.3) lib/active_support/tagged_logging.rb:71:in `tagged'
railties (5.2.3) lib/rails/rack/logger.rb:26:in `call'
actionpack (5.2.3) lib/action_dispatch/middleware/remote_ip.rb:81:in `call'
actionpack (5.2.3) lib/action_dispatch/middleware/request_id.rb:27:in `call'
rack (2.0.7) lib/rack/runtime.rb:22:in `call'
activesupport (5.2.3) lib/active_support/cache/strategy/local_cache_middleware.rb:29:in `call'
actionpack (5.2.3) lib/action_dispatch/middleware/executor.rb:14:in `call'
actionpack (5.2.3) lib/action_dispatch/middleware/static.rb:127:in `call'
rack (2.0.7) lib/rack/sendfile.rb:111:in `call'
rack-cors (1.0.3) lib/rack/cors.rb:95:in `call'
railties (5.2.3) lib/rails/engine.rb:524:in `call'
puma (3.12.1) lib/puma/configuration.rb:227:in `call'
puma (3.12.1) lib/puma/server.rb:660:in `handle_request'
puma (3.12.1) lib/puma/server.rb:474:in `process_client'
puma (3.12.1) lib/puma/server.rb:334:in `block in run'
puma (3.12.1) lib/puma/thread_pool.rb:135:in `block in spawn_thread'
Started GET "/foxes" for ::1 at 2019-10-29 19:05:31 -0400
Processing by FoxesController#index as */*
  [1m[36mFox Load (3.9ms)[0m  [1m[34mSELECT "foxes".* FROM "foxes"[0m
  ↳ app/controllers/foxes_controller.rb:4
Completed 200 OK in 23ms (Views: 16.5ms | ActiveRecord: 3.9ms)


Started GET "/foxes" for ::1 at 2019-10-29 19:05:47 -0400
Processing by FoxesController#index as */*
  [1m[36mFox Load (0.8ms)[0m  [1m[34mSELECT "foxes".* FROM "foxes"[0m
  ↳ app/controllers/foxes_controller.rb:4
Completed 200 OK in 92ms (Views: 90.6ms | ActiveRecord: 0.8ms)


Started GET "/foxes" for ::1 at 2019-10-29 19:07:18 -0400
Processing by FoxesController#index as */*
  [1m[36mFox Load (0.6ms)[0m  [1m[34mSELECT "foxes".* FROM "foxes"[0m
  ↳ app/controllers/foxes_controller.rb:4
Completed 200 OK in 5ms (Views: 4.1ms | ActiveRecord: 0.6ms)


Started GET "/foxes" for ::1 at 2019-10-29 19:17:56 -0400
Processing by FoxesController#index as */*
  [1m[36mFox Load (1.1ms)[0m  [1m[34mSELECT "foxes".* FROM "foxes"[0m
  ↳ app/controllers/foxes_controller.rb:4
Completed 200 OK in 6ms (Views: 4.9ms | ActiveRecord: 1.1ms)


Started GET "/foxes" for ::1 at 2019-10-29 19:18:40 -0400
Processing by FoxesController#index as */*
  [1m[36mFox Load (0.3ms)[0m  [1m[34mSELECT "foxes".* FROM "foxes"[0m
  ↳ app/controllers/foxes_controller.rb:4
Completed 200 OK in 3ms (Views: 2.6ms | ActiveRecord: 0.3ms)


Started GET "/foxes" for ::1 at 2019-10-29 19:19:34 -0400
Processing by FoxesController#index as */*
  [1m[36mFox Load (3.0ms)[0m  [1m[34mSELECT "foxes".* FROM "foxes"[0m
  ↳ app/controllers/foxes_controller.rb:4
Completed 200 OK in 7ms (Views: 4.3ms | ActiveRecord: 3.0ms)


Started GET "/foxes" for ::1 at 2019-10-29 19:19:59 -0400
Processing by FoxesController#index as */*
  [1m[36mFox Load (0.7ms)[0m  [1m[34mSELECT "foxes".* FROM "foxes"[0m
  ↳ app/controllers/foxes_controller.rb:4
Completed 200 OK in 6ms (Views: 5.1ms | ActiveRecord: 0.7ms)


Started GET "/foxes" for ::1 at 2019-10-29 19:20:13 -0400
Processing by FoxesController#index as */*
  [1m[36mFox Load (0.4ms)[0m  [1m[34mSELECT "foxes".* FROM "foxes"[0m
  ↳ app/controllers/foxes_controller.rb:4
Completed 200 OK in 5ms (Views: 4.3ms | ActiveRecord: 0.4ms)


Started GET "/foxes" for ::1 at 2019-10-29 19:29:09 -0400
Processing by FoxesController#index as */*
  [1m[36mFox Load (2.2ms)[0m  [1m[34mSELECT "foxes".* FROM "foxes"[0m
  ↳ app/controllers/foxes_controller.rb:4
Completed 200 OK in 10ms (Views: 7.3ms | ActiveRecord: 2.2ms)


Started GET "/foxes" for ::1 at 2019-10-29 19:29:40 -0400
Processing by FoxesController#index as */*
  [1m[36mFox Load (0.6ms)[0m  [1m[34mSELECT "foxes".* FROM "foxes"[0m
  ↳ app/controllers/foxes_controller.rb:4
Completed 200 OK in 4ms (Views: 3.7ms | ActiveRecord: 0.6ms)


Started GET "/foxes" for ::1 at 2019-10-29 19:31:00 -0400
Processing by FoxesController#index as */*
  [1m[36mFox Load (10.9ms)[0m  [1m[34mSELECT "foxes".* FROM "foxes"[0m
  ↳ app/controllers/foxes_controller.rb:4
Completed 200 OK in 18ms (Views: 6.9ms | ActiveRecord: 10.9ms)


Started GET "/foxes" for ::1 at 2019-10-29 19:32:43 -0400
Processing by FoxesController#index as */*
  [1m[36mFox Load (0.4ms)[0m  [1m[34mSELECT "foxes".* FROM "foxes"[0m
  ↳ app/controllers/foxes_controller.rb:4
Completed 200 OK in 6ms (Views: 5.4ms | ActiveRecord: 0.4ms)


Started GET "/foxes" for ::1 at 2019-10-29 19:33:24 -0400
Processing by FoxesController#index as */*
  [1m[36mFox Load (0.7ms)[0m  [1m[34mSELECT "foxes".* FROM "foxes"[0m
  ↳ app/controllers/foxes_controller.rb:4
Completed 200 OK in 6ms (Views: 4.8ms | ActiveRecord: 0.7ms)


Started GET "/foxes" for ::1 at 2019-10-29 19:40:35 -0400
Processing by FoxesController#index as */*
  [1m[36mFox Load (1.1ms)[0m  [1m[34mSELECT "foxes".* FROM "foxes"[0m
  ↳ app/controllers/foxes_controller.rb:4
Completed 200 OK in 6ms (Views: 5.1ms | ActiveRecord: 1.1ms)


Started GET "/foxes" for ::1 at 2019-10-29 19:41:10 -0400
Processing by FoxesController#index as */*
  [1m[36mFox Load (11.6ms)[0m  [1m[34mSELECT "foxes".* FROM "foxes"[0m
  ↳ app/controllers/foxes_controller.rb:4
Completed 200 OK in 16ms (Views: 4.4ms | ActiveRecord: 11.6ms)


Started GET "/foxes" for ::1 at 2019-10-29 19:42:59 -0400
Processing by FoxesController#index as */*
  [1m[36mFox Load (49.4ms)[0m  [1m[34mSELECT "foxes".* FROM "foxes"[0m
  ↳ app/controllers/foxes_controller.rb:4
Completed 200 OK in 57ms (Views: 7.6ms | ActiveRecord: 49.4ms)


Started GET "/foxes" for ::1 at 2019-10-29 19:43:28 -0400
Processing by FoxesController#index as */*
  [1m[36mFox Load (0.3ms)[0m  [1m[34mSELECT "foxes".* FROM "foxes"[0m
  ↳ app/controllers/foxes_controller.rb:4
Completed 200 OK in 6ms (Views: 5.0ms | ActiveRecord: 0.3ms)


Started GET "/foxes" for ::1 at 2019-10-29 19:43:43 -0400
Processing by FoxesController#index as */*
  [1m[36mFox Load (135.7ms)[0m  [1m[34mSELECT "foxes".* FROM "foxes"[0m
  ↳ app/controllers/foxes_controller.rb:4
Completed 200 OK in 142ms (Views: 5.7ms | ActiveRecord: 135.7ms)


Started GET "/foxes" for ::1 at 2019-10-29 19:44:02 -0400
Processing by FoxesController#index as */*
  [1m[36mFox Load (29.1ms)[0m  [1m[34mSELECT "foxes".* FROM "foxes"[0m
  ↳ app/controllers/foxes_controller.rb:4
Completed 200 OK in 77ms (Views: 47.3ms | ActiveRecord: 29.1ms)


Started GET "/foxes" for ::1 at 2019-10-29 19:44:35 -0400
Processing by FoxesController#index as */*
  [1m[36mFox Load (125.6ms)[0m  [1m[34mSELECT "foxes".* FROM "foxes"[0m
  ↳ app/controllers/foxes_controller.rb:4
Completed 200 OK in 131ms (Views: 4.7ms | ActiveRecord: 125.6ms)


Started GET "/foxes" for ::1 at 2019-10-29 19:45:50 -0400
Processing by FoxesController#index as */*
  [1m[36mFox Load (0.6ms)[0m  [1m[34mSELECT "foxes".* FROM "foxes"[0m
  ↳ app/controllers/foxes_controller.rb:4
Completed 200 OK in 5ms (Views: 4.3ms | ActiveRecord: 0.6ms)


Started GET "/foxes" for ::1 at 2019-10-29 19:49:33 -0400
Processing by FoxesController#index as */*
  [1m[36mFox Load (27.0ms)[0m  [1m[34mSELECT "foxes".* FROM "foxes"[0m
  ↳ app/controllers/foxes_controller.rb:4
Completed 200 OK in 32ms (Views: 4.3ms | ActiveRecord: 27.0ms)


Started GET "/foxes" for ::1 at 2019-10-29 19:51:04 -0400
Processing by FoxesController#index as */*
  [1m[36mFox Load (48.4ms)[0m  [1m[34mSELECT "foxes".* FROM "foxes"[0m
  ↳ app/controllers/foxes_controller.rb:4
Completed 200 OK in 58ms (Views: 9.0ms | ActiveRecord: 48.4ms)


Started GET "/foxes" for ::1 at 2019-10-29 19:51:26 -0400
Processing by FoxesController#index as */*
  [1m[36mFox Load (1.3ms)[0m  [1m[34mSELECT "foxes".* FROM "foxes"[0m
  ↳ app/controllers/foxes_controller.rb:4
Completed 200 OK in 8ms (Views: 6.1ms | ActiveRecord: 1.3ms)


Started GET "/foxes" for ::1 at 2019-10-29 19:51:35 -0400
Processing by FoxesController#index as */*
  [1m[36mFox Load (56.8ms)[0m  [1m[34mSELECT "foxes".* FROM "foxes"[0m
  ↳ app/controllers/foxes_controller.rb:4
Completed 200 OK in 63ms (Views: 6.2ms | ActiveRecord: 56.8ms)


Started GET "/foxes" for ::1 at 2019-10-29 19:52:38 -0400
Processing by FoxesController#index as */*
  [1m[36mFox Load (0.3ms)[0m  [1m[34mSELECT "foxes".* FROM "foxes"[0m
  ↳ app/controllers/foxes_controller.rb:4
Completed 200 OK in 4ms (Views: 3.7ms | ActiveRecord: 0.3ms)


Started GET "/foxes" for ::1 at 2019-10-29 19:56:32 -0400
Processing by FoxesController#index as */*
  [1m[36mFox Load (10.8ms)[0m  [1m[34mSELECT "foxes".* FROM "foxes"[0m
  ↳ app/controllers/foxes_controller.rb:4
Completed 200 OK in 14ms (Views: 2.9ms | ActiveRecord: 10.8ms)


Started GET "/foxes" for ::1 at 2019-10-29 19:58:01 -0400
Processing by FoxesController#index as */*
  [1m[36mFox Load (76.5ms)[0m  [1m[34mSELECT "foxes".* FROM "foxes"[0m
  ↳ app/controllers/foxes_controller.rb:4
Completed 200 OK in 83ms (Views: 5.8ms | ActiveRecord: 76.5ms)


Started GET "/foxes" for ::1 at 2019-10-29 19:58:39 -0400
Processing by FoxesController#index as */*
  [1m[36mFox Load (1.1ms)[0m  [1m[34mSELECT "foxes".* FROM "foxes"[0m
  ↳ app/controllers/foxes_controller.rb:4
Completed 200 OK in 8ms (Views: 7.0ms | ActiveRecord: 1.1ms)


Started GET "/foxes" for ::1 at 2019-10-29 19:58:57 -0400
Processing by FoxesController#index as */*
  [1m[36mFox Load (0.5ms)[0m  [1m[34mSELECT "foxes".* FROM "foxes"[0m
  ↳ app/controllers/foxes_controller.rb:4
Completed 200 OK in 7ms (Views: 6.1ms | ActiveRecord: 0.5ms)


Started GET "/foxes" for ::1 at 2019-10-29 20:00:23 -0400
Processing by FoxesController#index as */*
  [1m[36mFox Load (20.8ms)[0m  [1m[34mSELECT "foxes".* FROM "foxes"[0m
  ↳ app/controllers/foxes_controller.rb:4
Completed 200 OK in 27ms (Views: 6.1ms | ActiveRecord: 20.8ms)


Started GET "/foxes" for ::1 at 2019-10-29 20:00:39 -0400
Processing by FoxesController#index as */*
  [1m[36mFox Load (0.7ms)[0m  [1m[34mSELECT "foxes".* FROM "foxes"[0m
  ↳ app/controllers/foxes_controller.rb:4
Completed 200 OK in 6ms (Views: 4.7ms | ActiveRecord: 0.7ms)


Started GET "/foxes" for ::1 at 2019-10-29 20:01:46 -0400
Processing by FoxesController#index as */*
  [1m[36mFox Load (12.0ms)[0m  [1m[34mSELECT "foxes".* FROM "foxes"[0m
  ↳ app/controllers/foxes_controller.rb:4
Completed 200 OK in 20ms (Views: 7.4ms | ActiveRecord: 12.0ms)


Started GET "/foxes" for ::1 at 2019-10-29 20:03:48 -0400
Processing by FoxesController#index as */*
  [1m[36mFox Load (0.8ms)[0m  [1m[34mSELECT "foxes".* FROM "foxes"[0m
  ↳ app/controllers/foxes_controller.rb:4
Completed 200 OK in 6ms (Views: 4.7ms | ActiveRecord: 0.8ms)


Started GET "/foxes" for ::1 at 2019-10-29 20:04:37 -0400
Processing by FoxesController#index as */*
  [1m[36mFox Load (15.9ms)[0m  [1m[34mSELECT "foxes".* FROM "foxes"[0m
  ↳ app/controllers/foxes_controller.rb:4
Completed 200 OK in 23ms (Views: 7.0ms | ActiveRecord: 15.9ms)


Started GET "/foxes" for ::1 at 2019-10-29 20:06:02 -0400
Processing by FoxesController#index as */*
  [1m[36mFox Load (4.1ms)[0m  [1m[34mSELECT "foxes".* FROM "foxes"[0m
  ↳ app/controllers/foxes_controller.rb:4
Completed 200 OK in 9ms (Views: 4.8ms | ActiveRecord: 4.1ms)


Started GET "/foxes" for ::1 at 2019-10-29 20:07:04 -0400
Processing by FoxesController#index as */*
  [1m[36mFox Load (0.7ms)[0m  [1m[34mSELECT "foxes".* FROM "foxes"[0m
  ↳ app/controllers/foxes_controller.rb:4
Completed 200 OK in 3ms (Views: 2.5ms | ActiveRecord: 0.7ms)


Started GET "/foxes" for ::1 at 2019-10-29 20:07:45 -0400
Processing by FoxesController#index as */*
  [1m[36mFox Load (1.3ms)[0m  [1m[34mSELECT "foxes".* FROM "foxes"[0m
  ↳ app/controllers/foxes_controller.rb:4
Completed 200 OK in 20ms (Views: 18.6ms | ActiveRecord: 1.3ms)


Started GET "/foxes" for ::1 at 2019-10-29 20:11:40 -0400
Processing by FoxesController#index as */*
  [1m[36mFox Load (3.9ms)[0m  [1m[34mSELECT "foxes".* FROM "foxes"[0m
  ↳ app/controllers/foxes_controller.rb:4
Completed 200 OK in 10ms (Views: 5.9ms | ActiveRecord: 3.9ms)


Started GET "/foxes" for ::1 at 2019-10-29 20:14:07 -0400
Processing by FoxesController#index as */*
  [1m[36mFox Load (75.1ms)[0m  [1m[34mSELECT "foxes".* FROM "foxes"[0m
  ↳ app/controllers/foxes_controller.rb:4
Completed 200 OK in 80ms (Views: 4.5ms | ActiveRecord: 75.1ms)


Started GET "/foxes" for ::1 at 2019-10-29 20:34:18 -0400
Processing by FoxesController#index as */*
  [1m[36mFox Load (41.1ms)[0m  [1m[34mSELECT "foxes".* FROM "foxes"[0m
  ↳ app/controllers/foxes_controller.rb:4
Completed 200 OK in 59ms (Views: 15.3ms | ActiveRecord: 41.1ms)


Started GET "/foxes" for ::1 at 2019-10-29 20:35:17 -0400
Processing by FoxesController#index as */*
  [1m[36mFox Load (4.7ms)[0m  [1m[34mSELECT "foxes".* FROM "foxes"[0m
  ↳ app/controllers/foxes_controller.rb:4
Completed 200 OK in 11ms (Views: 6.7ms | ActiveRecord: 4.7ms)


Started POST "/foxes" for ::1 at 2019-10-29 20:35:22 -0400
Processing by FoxesController#create as JSON
  Parameters: {"name"=>"Mad Dog", "img_url"=>"fhfhhfhfhhf", "fox"=>{"name"=>"Mad Dog", "img_url"=>"fhfhhfhfhhf"}}
Unpermitted parameter: :fox
  [1m[35m (0.2ms)[0m  [1m[35mBEGIN[0m
  ↳ app/controllers/foxes_controller.rb:8
  [1m[36mFox Create (42.6ms)[0m  [1m[32mINSERT INTO "foxes" ("name", "img_url", "created_at", "updated_at") VALUES ($1, $2, $3, $4) RETURNING "id"[0m  [["name", "Mad Dog"], ["img_url", "fhfhhfhfhhf"], ["created_at", "2019-10-30 00:35:22.784194"], ["updated_at", "2019-10-30 00:35:22.784194"]]
  ↳ app/controllers/foxes_controller.rb:8
  [1m[35m (3.9ms)[0m  [1m[35mCOMMIT[0m
  ↳ app/controllers/foxes_controller.rb:8
Completed 200 OK in 53ms (Views: 0.6ms | ActiveRecord: 46.6ms)


Started GET "/foxes" for ::1 at 2019-10-29 20:39:08 -0400
Processing by FoxesController#index as */*
  [1m[36mFox Load (105.8ms)[0m  [1m[34mSELECT "foxes".* FROM "foxes"[0m
  ↳ app/controllers/foxes_controller.rb:4
Completed 200 OK in 112ms (Views: 5.9ms | ActiveRecord: 105.8ms)


Started GET "/foxes" for ::1 at 2019-10-29 20:41:02 -0400
Processing by FoxesController#index as */*
  [1m[36mFox Load (1.1ms)[0m  [1m[34mSELECT "foxes".* FROM "foxes"[0m
  ↳ app/controllers/foxes_controller.rb:4
Completed 200 OK in 7ms (Views: 5.4ms | ActiveRecord: 1.1ms)


Started GET "/foxes" for ::1 at 2019-10-29 20:41:37 -0400
Processing by FoxesController#index as */*
  [1m[36mFox Load (0.7ms)[0m  [1m[34mSELECT "foxes".* FROM "foxes"[0m
  ↳ app/controllers/foxes_controller.rb:4
Completed 200 OK in 7ms (Views: 5.4ms | ActiveRecord: 0.7ms)


Started GET "/foxes" for ::1 at 2019-10-29 20:43:48 -0400
Processing by FoxesController#index as */*
  [1m[36mFox Load (85.6ms)[0m  [1m[34mSELECT "foxes".* FROM "foxes"[0m
  ↳ app/controllers/foxes_controller.rb:4
Completed 200 OK in 94ms (Views: 7.9ms | ActiveRecord: 85.6ms)


Started GET "/foxes" for ::1 at 2019-10-29 20:45:42 -0400
Processing by FoxesController#index as */*
  [1m[36mFox Load (9.1ms)[0m  [1m[34mSELECT "foxes".* FROM "foxes"[0m
  ↳ app/controllers/foxes_controller.rb:4
Completed 200 OK in 14ms (Views: 4.9ms | ActiveRecord: 9.1ms)


Started GET "/foxes" for ::1 at 2019-10-29 21:03:31 -0400
Processing by FoxesController#index as */*
  [1m[36mFox Load (11.6ms)[0m  [1m[34mSELECT "foxes".* FROM "foxes"[0m
  ↳ app/controllers/foxes_controller.rb:4
Completed 200 OK in 26ms (Views: 11.8ms | ActiveRecord: 11.6ms)


Started PATCH "/foxes/1" for ::1 at 2019-10-29 21:03:41 -0400
Processing by FoxesController#update as JSON
  Parameters: {"name"=>"Snowy Girl", "img_url"=>"https://randomfox.ca/images/10.jpg", "id"=>"1", "fox"=>{"name"=>"Snowy Girl", "img_url"=>"https://randomfox.ca/images/10.jpg"}}
  [1m[36mFox Load (0.5ms)[0m  [1m[34mSELECT  "foxes".* FROM "foxes" WHERE "foxes"."id" = $1 LIMIT $2[0m  [["id", 1], ["LIMIT", 1]]
  ↳ app/controllers/foxes_controller.rb:12
Unpermitted parameters: :id, :fox
  [1m[35m (0.2ms)[0m  [1m[35mBEGIN[0m
  ↳ app/controllers/foxes_controller.rb:13
  [1m[36mFox Update (45.3ms)[0m  [1m[33mUPDATE "foxes" SET "name" = $1, "updated_at" = $2 WHERE "foxes"."id" = $3[0m  [["name", "Snowy Girl"], ["updated_at", "2019-10-30 01:03:41.863051"], ["id", 1]]
  ↳ app/controllers/foxes_controller.rb:13
  [1m[35m (4.0ms)[0m  [1m[35mCOMMIT[0m
  ↳ app/controllers/foxes_controller.rb:13
Completed 200 OK in 97ms (Views: 0.6ms | ActiveRecord: 50.3ms)


Started GET "/foxes" for ::1 at 2019-10-29 21:04:16 -0400
Processing by FoxesController#index as */*
  [1m[36mFox Load (160.6ms)[0m  [1m[34mSELECT "foxes".* FROM "foxes"[0m
  ↳ app/controllers/foxes_controller.rb:4
Completed 200 OK in 166ms (Views: 4.5ms | ActiveRecord: 160.6ms)


Started GET "/foxes" for ::1 at 2019-10-29 21:08:44 -0400
Processing by FoxesController#index as */*
  [1m[36mFox Load (27.7ms)[0m  [1m[34mSELECT "foxes".* FROM "foxes"[0m
  ↳ app/controllers/foxes_controller.rb:4
Completed 200 OK in 33ms (Views: 5.3ms | ActiveRecord: 27.7ms)


Started GET "/foxes" for ::1 at 2019-10-29 21:09:52 -0400
Processing by FoxesController#index as */*
  [1m[36mFox Load (134.3ms)[0m  [1m[34mSELECT "foxes".* FROM "foxes"[0m
  ↳ app/controllers/foxes_controller.rb:4
Completed 200 OK in 152ms (Views: 16.9ms | ActiveRecord: 134.3ms)


Started POST "/foxes" for ::1 at 2019-10-29 21:10:49 -0400
Processing by FoxesController#create as JSON
  Parameters: {"name"=>"Mad Dog", "img_url"=>"fhfhhfhfhhf", "fox"=>{"name"=>"Mad Dog", "img_url"=>"fhfhhfhfhhf"}}
Unpermitted parameter: :fox
  [1m[35m (0.2ms)[0m  [1m[35mBEGIN[0m
  ↳ app/controllers/foxes_controller.rb:8
  [1m[36mFox Create (1.0ms)[0m  [1m[32mINSERT INTO "foxes" ("name", "img_url", "created_at", "updated_at") VALUES ($1, $2, $3, $4) RETURNING "id"[0m  [["name", "Mad Dog"], ["img_url", "fhfhhfhfhhf"], ["created_at", "2019-10-30 01:10:49.315268"], ["updated_at", "2019-10-30 01:10:49.315268"]]
  ↳ app/controllers/foxes_controller.rb:8
  [1m[35m (43.1ms)[0m  [1m[35mCOMMIT[0m
  ↳ app/controllers/foxes_controller.rb:8
Completed 200 OK in 79ms (Views: 30.3ms | ActiveRecord: 44.4ms)


Started PATCH "/foxes/20" for ::1 at 2019-10-29 21:11:19 -0400
Processing by FoxesController#update as JSON
  Parameters: {"name"=>"Mad Dog Lives", "img_url"=>"fhfhhfhfhhf", "id"=>"20", "fox"=>{"name"=>"Mad Dog Lives", "img_url"=>"fhfhhfhfhhf"}}
  [1m[36mFox Load (0.6ms)[0m  [1m[34mSELECT  "foxes".* FROM "foxes" WHERE "foxes"."id" = $1 LIMIT $2[0m  [["id", 20], ["LIMIT", 1]]
  ↳ app/controllers/foxes_controller.rb:12
Unpermitted parameters: :id, :fox
  [1m[35m (0.1ms)[0m  [1m[35mBEGIN[0m
  ↳ app/controllers/foxes_controller.rb:13
  [1m[36mFox Update (0.7ms)[0m  [1m[33mUPDATE "foxes" SET "name" = $1, "updated_at" = $2 WHERE "foxes"."id" = $3[0m  [["name", "Mad Dog Lives"], ["updated_at", "2019-10-30 01:11:19.098816"], ["id", 20]]
  ↳ app/controllers/foxes_controller.rb:13
  [1m[35m (17.6ms)[0m  [1m[35mCOMMIT[0m
  ↳ app/controllers/foxes_controller.rb:13
Completed 200 OK in 24ms (Views: 0.4ms | ActiveRecord: 19.2ms)


Started GET "/foxes" for ::1 at 2019-10-29 21:11:27 -0400
Processing by FoxesController#index as HTML
  [1m[36mFox Load (0.5ms)[0m  [1m[34mSELECT "foxes".* FROM "foxes"[0m
  ↳ app/controllers/foxes_controller.rb:4
Completed 200 OK in 7ms (Views: 5.8ms | ActiveRecord: 0.5ms)


